[    0.000000] Linux version 4.15.0-74-generic (buildd@lcy01-amd64-022) (gcc version 7.4.0 (Ubuntu 7.4.0-1ubuntu1~18.04.1)) #84-Ubuntu SMP Thu Dec 19 08:06:28 UTC 2019 (Ubuntu 4.15.0-74.84-generic 4.15.18)
[    0.000000] Command line: BOOT_IMAGE=/boot/vmlinuz-4.15.0-74-generic root=LABEL=cloudimg-rootfs ro console=tty1 console=ttyS0
[    0.000000] KERNEL supported cpus:
[    0.000000]   Intel GenuineIntel
[    0.000000]   AMD AuthenticAMD
[    0.000000]   Centaur CentaurHauls
[    0.000000] x86/fpu: Supporting XSAVE feature 0x001: 'x87 floating point registers'
[    0.000000] x86/fpu: Supporting XSAVE feature 0x002: 'SSE registers'
[    0.000000] x86/fpu: Supporting XSAVE feature 0x004: 'AVX registers'
[    0.000000] x86/fpu: xstate_offset[2]:  576, xstate_sizes[2]:  256
[    0.000000] x86/fpu: Enabled xstate features 0x7, context size is 832 bytes, using 'standard' format.
[    0.000000] e820: BIOS-provided physical RAM map:
[    0.000000] BIOS-e820: [mem 0x0000000000000000-0x000000000009fbff] usable
[    0.000000] BIOS-e820: [mem 0x000000000009fc00-0x000000000009ffff] reserved
[    0.000000] BIOS-e820: [mem 0x00000000000f0000-0x00000000000fffff] reserved
[    0.000000] BIOS-e820: [mem 0x0000000000100000-0x000000003ffeffff] usable
[    0.000000] BIOS-e820: [mem 0x000000003fff0000-0x000000003fffffff] ACPI data
[    0.000000] BIOS-e820: [mem 0x00000000fec00000-0x00000000fec00fff] reserved
[    0.000000] BIOS-e820: [mem 0x00000000fee00000-0x00000000fee00fff] reserved
[    0.000000] BIOS-e820: [mem 0x00000000fffc0000-0x00000000ffffffff] reserved
[    0.000000] NX (Execute Disable) protection: active
[    0.000000] SMBIOS 2.5 present.
[    0.000000] DMI: innotek GmbH VirtualBox/VirtualBox, BIOS VirtualBox 12/01/2006
[    0.000000] Hypervisor detected: KVM
[    0.000000] e820: last_pfn = 0x3fff0 max_arch_pfn = 0x400000000
[    0.000000] MTRR: Disabled
[    0.000000] x86/PAT: MTRRs disabled, skipping PAT initialization too.
[    0.000000] CPU MTRRs all blank - virtualized system.
[    0.000000] x86/PAT: Configuration [0-7]: WB  WT  UC- UC  WB  WT  UC- UC  
[    0.000000] found SMP MP-table at [mem 0x0009fff0-0x0009ffff]
[    0.000000] Scanning 1 areas for low memory corruption
[    0.000000] RAMDISK: [mem 0x35a6f000-0x36d2efff]
[    0.000000] ACPI: Early table checksum verification disabled
[    0.000000] ACPI: RSDP 0x00000000000E0000 000024 (v02 VBOX  )
[    0.000000] ACPI: XSDT 0x000000003FFF0030 00003C (v01 VBOX   VBOXXSDT 00000001 ASL  00000061)
[    0.000000] ACPI: FACP 0x000000003FFF00F0 0000F4 (v04 VBOX   VBOXFACP 00000001 ASL  00000061)
[    0.000000] ACPI: DSDT 0x000000003FFF0470 0022EA (v02 VBOX   VBOXBIOS 00000002 INTL 20100528)
[    0.000000] ACPI: FACS 0x000000003FFF0200 000040
[    0.000000] ACPI: FACS 0x000000003FFF0200 000040
[    0.000000] ACPI: APIC 0x000000003FFF0240 00005C (v02 VBOX   VBOXAPIC 00000001 ASL  00000061)
[    0.000000] ACPI: SSDT 0x000000003FFF02A0 0001CC (v01 VBOX   VBOXCPUT 00000002 INTL 20100528)
[    0.000000] No NUMA configuration found
[    0.000000] Faking a node at [mem 0x0000000000000000-0x000000003ffeffff]
[    0.000000] NODE_DATA(0) allocated [mem 0x3ffc5000-0x3ffeffff]
[    0.000000] kvm-clock: cpu 0, msr 0:3ff44001, primary cpu clock
[    0.000000] kvm-clock: Using msrs 4b564d01 and 4b564d00
[    0.000000] kvm-clock: using sched offset of 3548245345 cycles
[    0.000000] clocksource: kvm-clock: mask: 0xffffffffffffffff max_cycles: 0x1cd42e4dffb, max_idle_ns: 881590591483 ns
[    0.000000] Zone ranges:
[    0.000000]   DMA      [mem 0x0000000000001000-0x0000000000ffffff]
[    0.000000]   DMA32    [mem 0x0000000001000000-0x000000003ffeffff]
[    0.000000]   Normal   empty
[    0.000000]   Device   empty
[    0.000000] Movable zone start for each node
[    0.000000] Early memory node ranges
[    0.000000]   node   0: [mem 0x0000000000001000-0x000000000009efff]
[    0.000000]   node   0: [mem 0x0000000000100000-0x000000003ffeffff]
[    0.000000] Reserved but unavailable: 98 pages
[    0.000000] Initmem setup node 0 [mem 0x0000000000001000-0x000000003ffeffff]
[    0.000000] ACPI: PM-Timer IO Port: 0x4008
[    0.000000] IOAPIC[0]: apic_id 2, version 32, address 0xfec00000, GSI 0-23
[    0.000000] ACPI: INT_SRC_OVR (bus 0 bus_irq 0 global_irq 2 dfl dfl)
[    0.000000] ACPI: INT_SRC_OVR (bus 0 bus_irq 9 global_irq 9 low level)
[    0.000000] Using ACPI (MADT) for SMP configuration information
[    0.000000] smpboot: Allowing 2 CPUs, 0 hotplug CPUs
[    0.000000] PM: Registered nosave memory: [mem 0x00000000-0x00000fff]
[    0.000000] PM: Registered nosave memory: [mem 0x0009f000-0x0009ffff]
[    0.000000] PM: Registered nosave memory: [mem 0x000a0000-0x000effff]
[    0.000000] PM: Registered nosave memory: [mem 0x000f0000-0x000fffff]
[    0.000000] e820: [mem 0x40000000-0xfebfffff] available for PCI devices
[    0.000000] Booting paravirtualized kernel on KVM
[    0.000000] clocksource: refined-jiffies: mask: 0xffffffff max_cycles: 0xffffffff, max_idle_ns: 7645519600211568 ns
[    0.000000] random: get_random_bytes called from start_kernel+0x99/0x4fd with crng_init=0
[    0.000000] setup_percpu: NR_CPUS:8192 nr_cpumask_bits:2 nr_cpu_ids:2 nr_node_ids:1
[    0.000000] percpu: Embedded 45 pages/cpu s147456 r8192 d28672 u1048576
[    0.000000] PV qspinlock hash table entries: 256 (order: 0, 4096 bytes)
[    0.000000] Built 1 zonelists, mobility grouping on.  Total pages: 257913
[    0.000000] Policy zone: DMA32
[    0.000000] Kernel command line: BOOT_IMAGE=/boot/vmlinuz-4.15.0-74-generic root=LABEL=cloudimg-rootfs ro console=tty1 console=ttyS0
[    0.000000] Memory: 983080K/1048120K available (12300K kernel code, 2481K rwdata, 4260K rodata, 2428K init, 2704K bss, 65040K reserved, 0K cma-reserved)
[    0.000000] SLUB: HWalign=64, Order=0-3, MinObjects=0, CPUs=2, Nodes=1
[    0.000000] ftrace: allocating 39322 entries in 154 pages
[    0.004000] Hierarchical RCU implementation.
[    0.004000] 	RCU restricting CPUs from NR_CPUS=8192 to nr_cpu_ids=2.
[    0.004000] 	Tasks RCU enabled.
[    0.004000] RCU: Adjusting geometry for rcu_fanout_leaf=16, nr_cpu_ids=2
[    0.004000] NR_IRQS: 524544, nr_irqs: 440, preallocated irqs: 16
[    0.004000] Console: colour VGA+ 80x25
[    0.004000] console [tty1] enabled
[    0.004000] console [ttyS0] enabled
[    0.004000] ACPI: Core revision 20170831
[    0.004000] ACPI: 2 ACPI AML tables successfully acquired and loaded
[    0.004000] APIC: Switch to symmetric I/O mode setup
[    0.004000] x2apic enabled
[    0.004000] Switched APIC routing to physical x2apic.
[    0.004000] ..TIMER: vector=0x30 apic1=0 pin1=2 apic2=-1 pin2=-1
[    0.004000] tsc: Detected 1991.999 MHz processor
[    0.004000] Calibrating delay loop (skipped) preset value.. 3983.99 BogoMIPS (lpj=7967996)
[    0.004003] pid_max: default: 32768 minimum: 301
[    0.004533] Security Framework initialized
[    0.005116] Yama: becoming mindful.
[    0.005554] AppArmor: AppArmor initialized
[    0.008000] Dentry cache hash table entries: 131072 (order: 8, 1048576 bytes)
[    0.008926] Inode-cache hash table entries: 65536 (order: 7, 524288 bytes)
[    0.009768] Mount-cache hash table entries: 2048 (order: 2, 16384 bytes)
[    0.010707] Mountpoint-cache hash table entries: 2048 (order: 2, 16384 bytes)
[    0.012261] Last level iTLB entries: 4KB 64, 2MB 8, 4MB 8
[    0.012869] Last level dTLB entries: 4KB 64, 2MB 0, 4MB 0, 1GB 4
[    0.013584] Spectre V1 : Mitigation: usercopy/swapgs barriers and __user pointer sanitization
[    0.014516] unchecked MSR access error: WRMSR to 0x48 (tried to write 0x0000000000000001) at rIP: 0xffffffff95a6e448 (native_write_msr+0x8/0x30)
[    0.016001] Call Trace:
[    0.016370]  wrmsrl+0x16/0x20
[    0.016741]  check_bugs+0x263/0x992
[    0.017273]  ? delayacct_init+0x52/0x70
[    0.017723]  start_kernel+0x4b8/0x4fd
[    0.018242]  x86_64_start_reservations+0x24/0x26
[    0.018773]  x86_64_start_kernel+0x74/0x77
[    0.020002]  secondary_startup_64+0xa5/0xb0
[    0.020480] Spectre V2 : Mitigation: Enhanced IBRS
[    0.021130] Spectre V2 : Spectre v2 / SpectreRSB mitigation: Filling RSB on context switch
[    0.022080] Speculative Store Bypass: Vulnerable
[    0.022784] Freeing SMP alternatives memory: 36K
[    0.132944] smpboot: CPU0: Intel(R) Core(TM) i7-8565U CPU @ 1.80GHz (family: 0x6, model: 0x8e, stepping: 0xc)
[    0.134280] Performance Events: unsupported p6 CPU model 142 no PMU driver, software events only.
[    0.135368] Hierarchical SRCU implementation.
[    0.136000] NMI watchdog: Perf event create on CPU 0 failed with -2
[    0.136001] NMI watchdog: Perf NMI watchdog permanently disabled
[    0.136794] smp: Bringing up secondary CPUs ...
[    0.137417] x86: Booting SMP configuration:
[    0.137954] .... node  #0, CPUs:      #1
[    0.004000] kvm-clock: cpu 1, msr 0:3ff44041, secondary cpu clock
[    0.140013] smp: Brought up 1 node, 2 CPUs
[    0.140609] smpboot: Max logical packages: 1
[    0.141122] smpboot: Total of 2 processors activated (7967.99 BogoMIPS)
[    0.144083] devtmpfs: initialized
[    0.144559] x86/mm: Memory block size: 128MB
[    0.145237] evm: security.selinux
[    0.145776] evm: security.SMACK64
[    0.146176] evm: security.SMACK64EXEC
[    0.146623] evm: security.SMACK64TRANSMUTE
[    0.147151] evm: security.SMACK64MMAP
[    0.147584] evm: security.apparmor
[    0.148002] evm: security.ima
[    0.148365] evm: security.capability
[    0.148864] clocksource: jiffies: mask: 0xffffffff max_cycles: 0xffffffff, max_idle_ns: 7645041785100000 ns
[    0.149190] futex hash table entries: 512 (order: 3, 32768 bytes)
[    0.152000] pinctrl core: initialized pinctrl subsystem
[    0.152069] RTC time: 12:05:57, date: 01/27/20
[    0.152745] NET: Registered protocol family 16
[    0.153324] audit: initializing netlink subsys (disabled)
[    0.156017] audit: type=2000 audit(1580126763.010:1): state=initialized audit_enabled=0 res=1
[    0.156116] cpuidle: using governor ladder
[    0.156506] cpuidle: using governor menu
[    0.157082] ACPI: bus type PCI registered
[    0.157564] acpiphp: ACPI Hot Plug PCI Controller Driver version: 0.5
[    0.160067] PCI: Using configuration type 1 for base access
[    0.160949] HugeTLB registered 2.00 MiB page size, pre-allocated 0 pages
[    0.160949] ACPI: Added _OSI(Module Device)
[    0.160949] ACPI: Added _OSI(Processor Device)
[    0.164005] ACPI: Added _OSI(3.0 _SCP Extensions)
[    0.164594] ACPI: Added _OSI(Processor Aggregator Device)
[    0.165337] ACPI: Added _OSI(Linux-Dell-Video)
[    0.165932] ACPI: Added _OSI(Linux-Lenovo-NV-HDMI-Audio)
[    0.166531] ACPI: Added _OSI(Linux-HPI-Hybrid-Graphics)
[    0.167413] ACPI: Executed 1 blocks of module-level executable AML code
[    0.170090] ACPI: Interpreter enabled
[    0.170631] ACPI: (supports S0 S5)
[    0.172001] ACPI: Using IOAPIC for interrupt routing
[    0.172760] PCI: Using host bridge windows from ACPI; if necessary, use "pci=nocrs" and report a bug
[    0.173967] ACPI: Enabled 2 GPEs in block 00 to 07
[    0.179096] ACPI: PCI Root Bridge [PCI0] (domain 0000 [bus 00-ff])
[    0.179819] acpi PNP0A03:00: _OSC: OS supports [ASPM ClockPM Segments MSI]
[    0.180315] acpi PNP0A03:00: _OSC: not requesting OS control; OS requires [ExtendedConfig ASPM ClockPM MSI]
[    0.182118] acpi PNP0A03:00: fail to add MMCONFIG information, can't access extended PCI configuration space under this bridge.
[    0.184200] PCI host bridge to bus 0000:00
[    0.184769] pci_bus 0000:00: root bus resource [io  0x0000-0x0cf7 window]
[    0.185551] pci_bus 0000:00: root bus resource [io  0x0d00-0xffff window]
[    0.186388] pci_bus 0000:00: root bus resource [mem 0x000a0000-0x000bffff window]
[    0.187254] pci_bus 0000:00: root bus resource [mem 0x40000000-0xfdffffff window]
[    0.188000] pci_bus 0000:00: root bus resource [bus 00-ff]
[    0.189297] pci 0000:00:01.1: legacy IDE quirk: reg 0x10: [io  0x01f0-0x01f7]
[    0.190135] pci 0000:00:01.1: legacy IDE quirk: reg 0x14: [io  0x03f6]
[    0.190961] pci 0000:00:01.1: legacy IDE quirk: reg 0x18: [io  0x0170-0x0177]
[    0.192002] pci 0000:00:01.1: legacy IDE quirk: reg 0x1c: [io  0x0376]
[    0.203843] pci 0000:00:07.0: quirk: [io  0x4000-0x403f] claimed by PIIX4 ACPI
[    0.204015] pci 0000:00:07.0: quirk: [io  0x4100-0x410f] claimed by PIIX4 SMB
[    0.208917] ACPI: PCI Interrupt Link [LNKA] (IRQs 5 9 10 *11)
[    0.209969] ACPI: PCI Interrupt Link [LNKB] (IRQs 5 9 *10 11)
[    0.210953] ACPI: PCI Interrupt Link [LNKC] (IRQs 5 *9 10 11)
[    0.212078] ACPI: PCI Interrupt Link [LNKD] (IRQs 5 9 10 *11)
[    0.213080] SCSI subsystem initialized
[    0.213748] pci 0000:00:02.0: vgaarb: setting as boot VGA device
[    0.213748] pci 0000:00:02.0: vgaarb: VGA device added: decodes=io+mem,owns=io+mem,locks=none
[    0.216006] pci 0000:00:02.0: vgaarb: bridge control possible
[    0.216667] vgaarb: loaded
[    0.217107] ACPI: bus type USB registered
[    0.217649] usbcore: registered new interface driver usbfs
[    0.218306] usbcore: registered new interface driver hub
[    0.218972] usbcore: registered new device driver usb
[    0.219620] EDAC MC: Ver: 3.0.0
[    0.220139] PCI: Using ACPI for IRQ routing
[    0.220828] NetLabel: Initializing
[    0.221408] NetLabel:  domain hash size = 128
[    0.221915] NetLabel:  protocols = UNLABELED CIPSOv4 CALIPSO
[    0.222592] NetLabel:  unlabeled traffic allowed by default
[    0.224074] clocksource: Switched to clocksource kvm-clock
[    0.238003] VFS: Disk quotas dquot_6.6.0
[    0.238600] VFS: Dquot-cache hash table entries: 512 (order 0, 4096 bytes)
[    0.239503] AppArmor: AppArmor Filesystem Enabled
[    0.240054] pnp: PnP ACPI init
[    0.241152] pnp: PnP ACPI: found 3 devices
[    0.250963] clocksource: acpi_pm: mask: 0xffffff max_cycles: 0xffffff, max_idle_ns: 2085701024 ns
[    0.252126] NET: Registered protocol family 2
[    0.252737] TCP established hash table entries: 8192 (order: 4, 65536 bytes)
[    0.253597] TCP bind hash table entries: 8192 (order: 5, 131072 bytes)
[    0.256054] TCP: Hash tables configured (established 8192 bind 8192)
[    0.258161] UDP hash table entries: 512 (order: 2, 16384 bytes)
[    0.258826] UDP-Lite hash table entries: 512 (order: 2, 16384 bytes)
[    0.259676] NET: Registered protocol family 1
[    0.260314] pci 0000:00:00.0: Limiting direct PCI/PCI transfers
[    0.261132] pci 0000:00:01.0: Activating ISA DMA hang workarounds
[    0.261946] pci 0000:00:02.0: Video device with shadowed ROM at [mem 0x000c0000-0x000dffff]
[    0.262960] Unpacking initramfs...
[    0.526216] Freeing initrd memory: 19200K
[    0.526931] clocksource: tsc: mask: 0xffffffffffffffff max_cycles: 0x396d4ffc055, max_idle_ns: 881590662783 ns
[    0.528355] platform rtc_cmos: registered platform RTC device (no PNP device found)
[    0.529259] Scanning for low memory corruption every 60 seconds
[    0.530562] Initialise system trusted keyrings
[    0.531071] Key type blacklist registered
[    0.531740] workingset: timestamp_bits=36 max_order=18 bucket_order=0
[    0.533318] zbud: loaded
[    0.533941] squashfs: version 4.0 (2009/01/31) Phillip Lougher
[    0.534804] fuse init (API version 7.26)
[    0.537003] Key type asymmetric registered
[    0.537543] Asymmetric key parser 'x509' registered
[    0.538182] Block layer SCSI generic (bsg) driver version 0.4 loaded (major 246)
[    0.539155] io scheduler noop registered
[    0.539650] io scheduler deadline registered
[    0.540248] io scheduler cfq registered (default)
[    0.541145] ACPI: AC Adapter [AC] (on-line)
[    0.541677] input: Power Button as /devices/LNXSYSTM:00/LNXPWRBN:00/input/input0
[    0.542667] ACPI: Power Button [PWRF]
[    0.543671] input: Sleep Button as /devices/LNXSYSTM:00/LNXSLPBN:00/input/input1
[    0.544988] ACPI: Sleep Button [SLPF]
[    0.546404] ACPI: Battery Slot [BAT0] (battery present)
[    0.547121] Serial: 8250/16550 driver, 32 ports, IRQ sharing enabled
[    0.568431] 00:02: ttyS0 at I/O 0x3f8 (irq = 4, base_baud = 115200) is a 16550A
[    0.571823] Linux agpgart interface v0.103
[    0.573512] loop: module loaded
[    0.574360] scsi host0: ata_piix
[    0.574900] scsi host1: ata_piix
[    0.575419] ata1: PATA max UDMA/33 cmd 0x1f0 ctl 0x3f6 bmdma 0xd000 irq 14
[    0.576400] ata2: PATA max UDMA/33 cmd 0x170 ctl 0x376 bmdma 0xd008 irq 15
[    0.577651] libphy: Fixed MDIO Bus: probed
[    0.578638] tun: Universal TUN/TAP device driver, 1.6
[    0.579412] PPP generic driver version 2.4.2
[    0.580068] ehci_hcd: USB 2.0 'Enhanced' Host Controller (EHCI) Driver
[    0.580846] ehci-pci: EHCI PCI platform driver
[    0.581417] ehci-platform: EHCI generic platform driver
[    0.582165] ohci_hcd: USB 1.1 'Open' Host Controller (OHCI) Driver
[    0.583203] ohci-pci: OHCI PCI platform driver
[    0.583764] ohci-platform: OHCI generic platform driver
[    0.584585] uhci_hcd: USB Universal Host Controller Interface driver
[    0.585421] i8042: PNP: PS/2 Controller [PNP0303:PS2K,PNP0f03:PS2M] at 0x60,0x64 irq 1,12
[    0.586848] serio: i8042 KBD port at 0x60,0x64 irq 1
[    0.587459] serio: i8042 AUX port at 0x60,0x64 irq 12
[    0.588235] mousedev: PS/2 mouse device common for all mice
[    0.589538] rtc_cmos rtc_cmos: rtc core: registered rtc_cmos as rtc0
[    0.590351] rtc_cmos rtc_cmos: alarms up to one day, 114 bytes nvram
[    0.591316] input: AT Translated Set 2 keyboard as /devices/platform/i8042/serio0/input/input2
[    0.592829] i2c /dev entries driver
[    0.593441] device-mapper: uevent: version 1.0.3
[    0.594212] device-mapper: ioctl: 4.37.0-ioctl (2017-09-20) initialised: dm-devel@redhat.com
[    0.595361] ledtrig-cpu: registered to indicate activity on CPUs
[    0.596440] NET: Registered protocol family 10
[    0.599282] Segment Routing with IPv6
[    0.599828] NET: Registered protocol family 17
[    0.600593] Key type dns_resolver registered
[    0.601287] mce: Using 0 MCE banks
[    0.601770] RAS: Correctable Errors collector initialized.
[    0.602480] sched_clock: Marking stable (601268508, 0)->(733099709, -131831201)
[    0.603979] registered taskstats version 1
[    0.604625] Loading compiled-in X.509 certificates
[    0.606530] Loaded X.509 cert 'Build time autogenerated kernel key: 62d24f9c726e026b112735485dad6e6e4b50c923'
[    0.607680] zswap: loaded using pool lzo/zbud
[    0.610257] Key type big_key registered
[    0.610763] Key type trusted registered
[    0.612597] Key type encrypted registered
[    0.613138] AppArmor: AppArmor sha1 policy hashing enabled
[    0.613781] ima: No TPM chip found, activating TPM-bypass! (rc=-19)
[    0.614577] ima: Allocated hash algorithm: sha1
[    0.615180] evm: HMAC attrs: 0x1
[    0.615749]   Magic number: 4:782:77
[    0.616471] rtc_cmos rtc_cmos: setting system clock to 2020-01-27 12:05:58 UTC (1580126758)
[    0.617591] BIOS EDD facility v0.16 2004-Jun-25, 0 devices found
[    0.618396] EDD information not available.
[    0.738594] Freeing unused kernel image memory: 2428K
[    0.767328] Write protecting the kernel read-only data: 20480k
[    0.768800] Freeing unused kernel image memory: 2008K
[    0.769705] Freeing unused kernel image memory: 1884K
[    0.784788] x86/mm: Checked W+X mappings: passed, no W+X pages found.
Loading, please wait...
starting version 237
[    0.831959] e1000: Intel(R) PRO/1000 Network Driver - version 7.3.21-k8-NAPI
[    0.832996] e1000: Copyright (c) 1999-2006 Intel Corporation.
[    0.835727] Fusion MPT base driver 3.04.20
[    0.836422] Copyright (c) 1999-2008 LSI Corporation
[    0.851096] Fusion MPT SPI Host driver 3.04.20
[    0.853914] AVX2 version of gcm_enc/dec engaged.
[    0.854595] AES CTR mode by8 optimization enabled
[    0.859803] mptbase: ioc0: Initiating bringup
[    0.960662] ioc0: LSI53C1030 A0: Capabilities={Initiator}
[    1.070369] input: ImExPS/2 Generic Explorer Mouse as /devices/platform/i8042/serio1/input/input4
[    1.213256] scsi host2: ioc0: LSI53C1030 A0, FwRev=00000000h, Ports=1, MaxQ=256, IRQ=20
[    1.391843] scsi 2:0:0:0: Direct-Access     VBOX     HARDDISK         1.0  PQ: 0 ANSI: 5
[    1.531080] scsi target2:0:0: Beginning Domain Validation
[    1.546755] scsi target2:0:0: Domain Validation skipping write tests
[    1.548060] scsi target2:0:0: Ending Domain Validation
[    1.549413] scsi target2:0:0: asynchronous
[    1.550735] scsi 2:0:1:0: Direct-Access     VBOX     HARDDISK         1.0  PQ: 0 ANSI: 5
[    1.816130] scsi target2:0:1: Beginning Domain Validation
[    1.819985] random: fast init done
[    1.820767] scsi target2:0:1: Domain Validation skipping write tests
[    1.821701] scsi target2:0:1: Ending Domain Validation
[    1.822440] scsi target2:0:1: asynchronous
[    1.827661] random: systemd-udevd: uninitialized urandom read (16 bytes read)
[    1.828924] random: systemd-udevd: uninitialized urandom read (16 bytes read)
[    1.830021] random: systemd-udevd: uninitialized urandom read (16 bytes read)
[    1.831783] sd 2:0:0:0: Attached scsi generic sg0 type 0
[    1.833211] sd 2:0:0:0: [sda] 20971520 512-byte logical blocks: (10.7 GB/10.0 GiB)
[    1.835438] sd 2:0:0:0: [sda] Write Protect is off
[    1.836574] sd 2:0:0:0: [sda] Incomplete mode parameter data
[    1.837404] sd 2:0:0:0: [sda] Assuming drive cache: write through
[    1.838986] sd 2:0:1:0: [sdb] 20480 512-byte logical blocks: (10.5 MB/10.0 MiB)
[    1.840737] sd 2:0:1:0: Attached scsi generic sg1 type 0
[    1.842023] sd 2:0:1:0: [sdb] Write Protect is off
[    1.843372] sd 2:0:1:0: [sdb] Incomplete mode parameter data
[    1.844473] sd 2:0:1:0: [sdb] Assuming drive cache: write through
[    1.846744]  sda: sda1
[    1.849209] sd 2:0:0:0: [sda] Attached SCSI disk
[    1.851221] sd 2:0:1:0: [sdb] Attached SCSI disk
[    1.851706] e1000 0000:00:03.0 eth0: (PCI:33MHz:32-bit) 02:22:e7:1f:39:14
[    1.853778] e1000 0000:00:03.0 eth0: Intel(R) PRO/1000 Network Connection
[    1.857469] e1000 0000:00:03.0 enp0s3: renamed from eth0
Begin: Loading essential drivers ... [    3.252038] raid6: sse2x1   gen() 13135 MB/s
[    3.300807] raid6: sse2x1   xor()  7297 MB/s
[    3.348620] raid6: sse2x2   gen() 15386 MB/s
[    3.396415] raid6: sse2x2   xor()  9526 MB/s
[    3.444217] raid6: sse2x4   gen() 15748 MB/s
[    3.492039] raid6: sse2x4   xor()  9031 MB/s
[    3.540841] raid6: avx2x1   gen() 19030 MB/s
[    3.588664] raid6: avx2x1   xor() 11414 MB/s
[    3.636373] raid6: avx2x2   gen() 20301 MB/s
[    3.684022] raid6: avx2x2   xor() 17388 MB/s
[    3.732135] raid6: avx2x4   gen() 31048 MB/s
[    3.780047] raid6: avx2x4   xor() 13787 MB/s
[    3.781368] raid6: using algorithm avx2x4 gen() 31048 MB/s
[    3.782677] raid6: .... xor() 13787 MB/s, rmw enabled
[    3.784511] raid6: using avx2x2 recovery algorithm
[    3.787232] xor: automatically using best checksumming function   avx       
[    3.789655] async_tx: api initialized (async)
done.
Begin: Running /scripts/init-premount ... done.
Begin: Mounting root file system ... Begin: Running /scripts/local-top ... done.
Begin: Running /scripts/local-premount ... [    3.871310] Btrfs loaded, crc32c=crc32c-intel
Scanning for Btrfs filesystems
done.
Warning: fsck not present, so skipping root file system
[    3.897015] EXT4-fs (sda1): mounted filesystem with ordered data mode. Opts: (null)
done.
Begin: Running /scripts/local-bottom ... done.
Begin: Running /scripts/init-bottom ... done.
[    4.043172] ip_tables: (C) 2000-2006 Netfilter Core Team
[    4.052953] systemd[1]: systemd 237 running in system mode. (+PAM +AUDIT +SELINUX +IMA +APPARMOR +SMACK +SYSVINIT +UTMP +LIBCRYPTSETUP +GCRYPT +GNUTLS +ACL +XZ +LZ4 +SECCOMP +BLKID +ELFUTILS +KMOD -IDN2 +IDN -PCRE2 default-hierarchy=hybrid)
[    4.056169] systemd[1]: Detected virtualization oracle.
[    4.056895] systemd[1]: Detected architecture x86-64.

Welcome to [1mUbuntu 18.04.3 LTS[0m!

[    4.072965] systemd[1]: Set hostname to <ubuntu>.
[    4.078425] systemd[1]: Initializing machine ID from random generator.
[    4.080162] systemd[1]: Installed transient /etc/machine-id file.
[    4.278280] systemd[1]: Reached target System Time Synchronized.
[[0;32m  OK  [0m] Reached target System Time Synchronized.
[    4.281407] systemd[1]: Created slice User and Session Slice.
[[0;32m  OK  [0m] Created slice User and Session Slice.
[    4.283185] systemd[1]: Created slice System Slice.
[[0;32m  OK  [0m] Created slice System Slice.
[    4.284449] systemd[1]: Listening on LVM2 poll daemon socket.
[[0;32m  OK  [0m] Listening on LVM2 poll daemon socket.
[[0;32m  OK  [0m] Created slice system-serial\x2dgetty.slice.
[[0;32m  OK  [0m] Listening on udev Control Socket.
[[0;32m  OK  [0m] Listening on udev Kernel Socket.
[[0;32m  OK  [0m] Reached target Swap.
[[0;32m  OK  [0m] Listening on Journal Socket.
         Mounting Huge Pages File System...
         Mounting POSIX Message Queue File System...
         Starting Load Kernel Modules...
         Starting Set the console keyboard layout...
[    4.376392] Loading iSCSI transport class v2.0-870.
         Starting Create list of required st…ce nodes for the current kernel...
[    4.387535] iscsi: registered transport (tcp)
         Mounting Kernel Debug File System...
         Starting Uncomplicated firewall...
[    4.409274] iscsi: registered transport (iser)
         Starting Remount Root and Kernel File Systems...
[[0;32m  OK  [0m] Listening on Journal Audit Socket.
[[0;32m  OK  [0m] Reached target Slices.
[[0;32m  OK  [0m] Listening on /dev/initctl Compatibility Named Pipe.
[[0;32m  OK  [0m] Listening on Device-mapper event daemon FIFOs.
[[0;32m  OK  [0m] Listening on Network Service Netlink Socket.
         Starting udev Coldplug all Devices...
[[0;32m  OK  [0m] Listening on Syslog Socket.
[[0;32m  OK  [0m] Set up automount Arbitrary Executab…rmats File System Automount Point.
[    4.445188] EXT4-fs (sda1): re-mounted. Opts: (null)
[[0;32m  OK  [0m] Listening on LVM2 metadata daemon socket.
         Starting Monitoring of LVM2 mirrors…ng dmeventd or progress polling...
[[0;32m  OK  [0m] Started Forward Password Requests to Wall Directory Watch.
[[0;32m  OK  [0m] Reached target User and Group Name Lookups.
[[0;32m  OK  [0m] Listening on Journal Socket (/dev/log).
         Starting Journal Service...
[[0;32m  OK  [0m] Mounted Huge Pages File System.
[[0;32m  OK  [0m] Mounted POSIX Message Queue File System.
[[0;32m  OK  [0m] Started Load Kernel Modules.
[[0;32m  OK  [0m] Started Create list of required sta…vice nodes for the current kernel.
[[0;32m  OK  [0m] Mounted Kernel Debug File System.
[[0;32m  OK  [0m] Started Uncomplicated firewall.
[[0;32m  OK  [0m] Started Remount Root and Kernel File Systems.
[[0;32m  OK  [0m] Started LVM2 metadata daemon.
         Starting Load/Save Random Seed...
         Starting Create Static Device Nodes in /dev...
         Starting Apply Kernel Variables...
         Mounting FUSE Control File System...
         Mounting Kernel Configuration File System...
[[0;32m  OK  [0m] Started Journal Service.
[[0;32m  OK  [0m] Started Set the console keyboard layout.
[[0;32m  OK  [0m] Started Monitoring of LVM2 mirrors,…sing dmeventd or progress polling.
[[0;32m  OK  [0m] Started udev Coldplug all Devices.
[[0;32m  OK  [0m] Started Load/Save Random Seed.
[[0;32m  OK  [0m] Started Create Static Device Nodes in /dev.
[[0;32m  OK  [0m] Started Apply Kernel Variables.
[[0;32m  OK  [0m] Mounted FUSE Control File System.
[[0;32m  OK  [0m] Mounted Kernel Configuration File System.
         Starting udev Kernel Device Manager...
[[0;32m  OK  [0m] Reached target Local File Systems (Pre).
[[0;32m  OK  [0m] Reached target Local File Systems.
         Starting Commit a transient machine-id on disk...
         Starting Tell Plymouth To Write Out Runtime Data...
         Starting Set console font and keymap...
         Starting ebtables ruleset management...
         Starting AppArmor initialization...
         Starting Flush Journal to Persistent Storage...
[[0;32m  OK  [0m] Started udev Kernel Device Manager.
[[0;32m  OK  [0m] Started Dispatch Password Requests to Console Directory Watch.
[[0;32m  OK  [0m] Reached target Local Encrypted Volumes.
[[0;32m  OK  [0m] Started Tell Plymouth To Write Out Runtime Data.
[[0;32m  OK  [0m] Started Set console font and keymap.
[[0;32m  OK  [0m] Started Flush Journal to Persistent Storage.
         Starting Create Volatile Files and Directories...
[[0;32m  OK  [0m] Started Commit a transient machine-id on disk.
[[0;32m  OK  [0m] Started Create Volatile Files and Directories.
         Starting Update UTMP about System Boot/Shutdown...
[[0;32m  OK  [0m] Started Update UTMP about System Boot/Shutdown.
[[0;32m  OK  [0m] Started ebtables ruleset management.
[[0;32m  OK  [0m] Found device /dev/ttyS0.
[[0;32m  OK  [0m] Listening on Load/Save RF Kill Switch Status /dev/rfkill Watch.
[[0;32m  OK  [0m] Started AppArmor initialization.
         Starting Initial cloud-init job (pre-networking)...
[    6.351800] cloud-init[537]: Cloud-init v. 19.3-41-gc4735dd3-0ubuntu1~18.04.1 running 'init-local' at Mon, 27 Jan 2020 12:06:03 +0000. Up 6.05 seconds.
[[0;32m  OK  [0m] Started Initial cloud-init job (pre-networking).
[[0;32m  OK  [0m] Reached target Network (Pre).
         Starting Network Service...
[[0;32m  OK  [0m] Started Network Service.
         Starting Wait for Network to be Configured...
         Starting Network Name Resolution...
[[0;32m  OK  [0m] Started Network Name Resolution.
[[0;32m  OK  [0m] Reached target Host and Network Name Lookups.
[[0;32m  OK  [0m] Reached target Network.
[[0;32m  OK  [0m] Started Wait for Network to be Configured.
         Starting Initial cloud-init job (metadata service crawler)...
[    8.655551] cloud-init[660]: Cloud-init v. 19.3-41-gc4735dd3-0ubuntu1~18.04.1 running 'init' at Mon, 27 Jan 2020 12:06:06 +0000. Up 8.55 seconds.
[    8.657497] cloud-init[660]: ci-info: ++++++++++++++++++++++++++++++++++++++Net device info++++++++++++++++++++++++++++++++++++++
[    8.658392] cloud-init[660]: ci-info: +--------+------+----------------------------+---------------+--------+-------------------+
[    8.659265] cloud-init[660]: ci-info: | Device |  Up  |          Address           |      Mask     | Scope  |     Hw-Address    |
[    8.660569] cloud-init[660]: ci-info: +--------+------+----------------------------+---------------+--------+-------------------+
[    8.662191] cloud-init[660]: ci-info: | enp0s3 | True |         10.0.2.15          | 255.255.255.0 | global | 02:22:e7:1f:39:14 |
[    8.663452] cloud-init[660]: ci-info: | enp0s3 | True | fe80::22:e7ff:fe1f:3914/64 |       .       |  link  | 02:22:e7:1f:39:14 |
[    8.666183] cloud-init[660]: ci-info: |   lo   | True |         127.0.0.1          |   255.0.0.0   |  host  |         .         |
[    8.667554] cloud-init[660]: ci-info: |   lo   | True |          ::1/128           |       .       |  host  |         .         |
[    8.668937] cloud-init[660]: ci-info: +--------+------+----------------------------+---------------+--------+-------------------+
[    8.670207] cloud-init[660]: ci-info: ++++++++++++++++++++++++++++Route IPv4 info+++++++++++++++++++++++++++++
[    8.671340] cloud-init[660]: ci-info: +-------+-------------+----------+-----------------+-----------+-------+
[    8.672701] cloud-init[660]: ci-info: | Route | Destination | Gateway  |     Genmask     | Interface | Flags |
[    8.675400] cloud-init[660]: ci-info: +-------+-------------+----------+-----------------+-----------+-------+
[    8.676461] cloud-init[660]: ci-info: |   0   |   0.0.0.0   | 10.0.2.2 |     0.0.0.0     |   enp0s3  |   UG  |
[    8.677469] cloud-init[660]: ci-info: |   1   |   10.0.2.0  | 0.0.0.0  |  255.255.255.0  |   enp0s3  |   U   |
[    8.688230] cloud-init[660]: ci-info: |   2   |   10.0.2.2  | 0.0.0.0  | 255.255.255.255 |   enp0s3  |   UH  |
[    8.704456] cloud-init[660]: ci-info: +-------+-------------+----------+-----------------+-----------+-------+
[    8.716724] cloud-init[660]: ci-info: +++++++++++++++++++Route IPv6 info+++++++++++++++++++
[    8.728309] cloud-init[660]: ci-info: +-------+-------------+---------+-----------+-------+
[    8.749087] cloud-init[660]: ci-info: | Route | Destination | Gateway | Interface | Flags |
[    8.760308] cloud-init[660]: ci-info: +-------+-------------+---------+-----------+-------+
[    8.761291] cloud-init[660]: ci-info: |   1   |  fe80::/64  |    ::   |   enp0s3  |   U   |
[    8.773507] cloud-init[660]: ci-info: |   3   |    local    |    ::   |   enp0s3  |   U   |
[    8.774297] cloud-init[660]: ci-info: |   4   |   ff00::/8  |    ::   |   enp0s3  |   U   |
[    8.774973] cloud-init[660]: ci-info: +-------+-------------+---------+-----------+-------+
[    9.422409] cloud-init[660]: Generating public/private rsa key pair.
[    9.423007] cloud-init[660]: Your identification has been saved in /etc/ssh/ssh_host_rsa_key.
[    9.432310] cloud-init[660]: Your public key has been saved in /etc/ssh/ssh_host_rsa_key.pub.
[    9.433127] cloud-init[660]: The key fingerprint is:
[    9.444689] cloud-init[660]: SHA256:FTKMXmzmEKFpVGW0ZHvF1cdEXdOoNIFLxfIDbbHqPg8 root@ubuntu-bionic
[    9.445797] cloud-init[660]: The key's randomart image is:
[    9.456353] cloud-init[660]: +---[RSA 2048]----+
[[0;32m  OK  [0m] Started Initial cloud-init job (metadata service crawler).
[    9.472942] cloud-init[660]: |    ..+OO .*=+.BB|
[[0;32m  OK  [0m] Reached target Network is Online.
[    9.473448] cloud-init[660]: |   . oo+*==oB.. B|
[[0;32m  OK  [0m] Reached target Remote File Systems (Pre).
[[0;32m  OK  [0m] Reached target Remote File Systems.
[    9.485479] cloud-init[660]: |    +. *o.oB.o  .|
[    9.486527] cloud-init[660]: |   .  . .o..+    |
[    9.487885] cloud-init[660]: |        S .  .   |
         Starting Availability of block devices...
[[0;32m  OK  [0m] Reached target Cloud-config availability.
[[0;32m  OK  [0m] Reached target System Initialization.
[[0;32m  OK  [0m] Started Daily Cleanup of Temporary Directories.
[    9.491396] cloud-init[660]: |         .       |
[    9.517061] cloud-init[660]: |          E      |
[[0;32m  OK  [0m] Started ACPI Events Check.
[[0;32m  OK  [0m] Reached target Paths.
[    9.520515] cloud-init[660]: |         ...     |
[    9.521208] [cloud-init[0;32m  OK  [0m] [660]: Started Discard unused blocks once a week.|          .o.    |

[[0;32m  OK  [0m] Listening on UUID daemon activation socket.
[    9.534214] [[0;32m  OK  [0m] Started Message of the Day.
[[0;32m  OK  [0m] Listening on D-Bus System Message Bus Socket.
cloud-init[660]: +----[SHA256]-----+
[    9.537495] cloud-init[660]: Generating public/private dsa key pair.
[    9.538585] cloud-init[660]: Your identification has been saved in /etc/ssh/ssh_host_dsa_key.
[    9.538951] cloud-init[660]: Your public key has been saved in /etc/ssh/ssh_host_dsa_key.pub.
[    9.539551] cloud-init[660]: The key fingerprint is:
[    9.539861] cloud-init[660]: SHA256:88fBLCc5I8ekccDNSzLnMj+gbKd9iO8MpcnvdPZM+/U root@ubuntu-bionic
[    9.540583] cloud-init[660]: The key's randomart image is:
[    9.541699] cloud-init[660]: +---[DSA 1024]----+
[    9.542905] cloud-init[660]: |       ..o       |
[    9.543311] cloud-init[660]: |        +.=      |
[[0;32m  OK  [0m] Listening on ACPID Listen Socket.
         Starting Socket activation for snappy daemon.
[    9.543950] cloud-init[660]: |        .*o.     |
[    9.550726] cloud-init[660]: |        +*o+     |
         Starting LXD - unix socket.
[    9.558915] [cloud-init[0;32m  OK  [0m[660]: ] |     . .S=O =    |
Listening on Open-iSCSI iscsid Socket.
[[0;32m  OK  [0m] Started Daily apt download activities.
[    9.580379] cloud-init[[660]: |     .++.=oB .   |[0;32m  OK  [0m
] Started Daily apt upgrade and clean activities.
[[0;32m  OK  [0m] Reached target Timers.
[    9.592926] cloud-init[660]: |     .==..+.+   .|
[    9.593498] cloud-init[660]: |      o=oo.= . ..|
[[0;32m  OK  [0m] Started Availability of block devices.
[    9.605275] cloud-init[660]: |       +*.  +.. E|
[[0;32m  OK  [0m] Listening on Socket activation for snappy daemon.
[    9.617030] [[0;32m  OK  [0m] Listening on LXD - unix socket.
cloud-init[660]: +----[SHA256]-----+
[[0;32m  OK  [0m] Reached target Sockets.
[    9.628603] [cloud-init[0;32m  OK  [0m[660]: ] Generating public/private ecdsa key pair.Reached target Basic System.

         Starting Login Service...
[    9.640806] cloud-init[660]: Your identification has been saved in /etc/ssh/ssh_host_ecdsa_key.
[    9.653174] [[0;32m  OK  [0m] Started Deferred execution scheduler.
cloud-init[660]: Your public key has been saved in /etc/ssh/ssh_host_ecdsa_key.pub.
         Starting LSB: Record successful boot for GRUB...
         Starting Virtualbox guest utils...
[[0;32m  OK  [0m] Started FUSE filesystem for LXC.
         Starting Pollinate to seed the pseudo random number generator...
         Starting LSB: automatic crash report generation...
[    9.660524] cloud-init[660]: The key fingerprint is:         Starting LXD - container startup/shutdown...

[    9.662070] cloud-init[660]: SHA256:lm8V41Qqh3XA5pDrR001lvbBP5lCZQuyQNHoOc2MWnQ root@ubuntu-bionic
[    9.662971] cloud-init[660]: The key's randomart image is:
[    9.663586] cloud-init[660]: +---[ECDSA 256]---+
[    9.664294] cloud-init[660]: |        .+++oo=*o|
[    9.665025] cloud-init[660]: |         o+E====o|
[    9.666136] cloud-init[660]: |        o X*Bo..*|
[    9.666776] cloud-init[660]: |         B.Oo+.+o|
[    9.668679] cloud-init[660]: |        S...o . .|
[    9.669493] cloud-init[660]: |       o ....    |
[    9.670224] cloud-init[660]: |          o.     |
[    9.670988] cloud-init[660]: |         .       |
[    9.671699] cloud-init[660]: |                 |
[    9.672398] cloud-init[660]: +----[SHA256]-----+
[    9.672934] cloud-init[660]: Generating public/private ed25519 key pair.
[    9.673667] cloud-init[660]: Your identification has been saved in /etc/ssh/ssh_host_ed25519_key.
[    9.674870] cloud-init[660]: Your public key has been saved in /etc/ssh/ssh_host_ed25519_key.pub.
[    9.677449] cloud-init[660]: The key fingerprint is:
[    9.680616] cloud-init[660]: SHA256:xgZlO8vpyNlj7rQAjxy5SqP5tn9QSUhcXDbSnmwt+vQ root@ubuntu-bionic
[    9.682141] cloud-init[660]: The key's randomart image is:
[    9.682998] cloud-init[660]: +--[ED25519 256]--+
[    9.683893] cloud-init[660]: |   o.+oo*        |
[    9.686255] cloud-init[660]: |    o o=.o       |
[    9.686872] cloud-init[660]: |     ..+oo       |
[    9.687429] cloud-init[660]: |     .o+*+.      |
[    9.687970] cloud-init[660]: |    +. oS.       |
[    9.689238] cloud-init[660]: |   ..B.B.        |
[    9.689793] cloud-init[660]: |  o +.*o*.       |
[    9.690291] cloud-init[660]: | +.o  .=.oE      |
[    9.691056] cloud-init[660]: |oo+o.. .+        |
[    9.691601] cloud-init[660]: +----[SHA256]-----+
[[0;32m  OK  [0m] Started irqbalance daemon.
[[0;32m  OK  [0m] Started Regular background program processing daemon.
         Starting System Logging Service...
         Starting Permit User Sessions...
         Starting Dispatcher daemon for systemd-networkd...
         Starting Snappy daemon...
[[0;32m  OK  [0m] Started D-Bus System Message Bus.
[[0;32m  OK  [0m] Started Login Service.
[[0;32m  OK  [0m] Started Unattended Upgrades Shutdown.
         Starting Accounts Service...
[[0;32m  OK  [0m] Started System Logging Service.
[[0;32m  OK  [0m] Started LXD - container startup/shutdown.
[[0;32m  OK  [0m] Started Permit User Sessions.
         Starting Terminate Plymouth Boot Screen...
         Starting Hold until boot process finishes up...
[[0;32m  OK  [0m] Started Terminate Plymouth Boot Screen.
[[0;32m  OK  [0m] Started Hold until boot process finishes up.
[[0;32m  OK  [0m] Started Serial Getty on ttyS0.
         Starting Set console scheme...
[[0;32m  OK  [0m] Started Set console scheme.
[[0;32m  OK  [0m] Created slice system-getty.slice.
[[0;32m  OK  [0m] Started Getty on tty1.
[[0;32m  OK  [0m] Reached target Login Prompts.
         Starting Authorization Manager...
[[0;32m  OK  [0m] Started LSB: automatic crash report generation.
[[0;32m  OK  [0m] Started LSB: Record successful boot for GRUB.
[[0;32m  OK  [0m] Started Dispatcher daemon for systemd-networkd.
[[0;32m  OK  [0m] Started Authorization Manager.
[[0;32m  OK  [0m] Started Accounts Service.
[[0;32m  OK  [0m] Started Virtualbox guest utils.
[[0;32m  OK  [0m] Started Pollinate to seed the pseudo random number generator.
         Starting OpenBSD Secure Shell server...
[[0;32m  OK  [0m] Started OpenBSD Secure Shell server.
[[0;32m  OK  [0m] Started Snappy daemon.
         Starting Wait until snapd is fully seeded...
[[0;32m  OK  [0m] Started Wait until snapd is fully seeded.
         Starting Apply the settings specified in cloud-config...
[[0;32m  OK  [0m] Reached target Multi-User System.
[[0;32m  OK  [0m] Reached target Graphical Interface.
         Starting Update UTMP about System Runlevel Changes...
[[0;32m  OK  [0m] Started Update UTMP about System Runlevel Changes.
[[0;32m  OK  [0m] Created slice User Slice of vagrant.
         Starting User Manager for UID 1000...
[[0;32m  OK  [0m] Started Session 1 of user vagrant.
[[0;32m  OK  [0m] Started User Manager for UID 1000.
[   12.734211] cloud-init[1218]: Cloud-init v. 19.3-41-gc4735dd3-0ubuntu1~18.04.1 running 'modules:config' at Mon, 27 Jan 2020 12:06:10 +0000. Up 12.22 seconds.
[[0;32m  OK  [0m] Started Apply the settings specified in cloud-config.
         Starting Execute cloud user/final scripts...
ci-info: no authorized ssh keys fingerprints found for user ubuntu.
<14>Jan 27 12:06:11 ec2: 
<14>Jan 27 12:06:11 ec2: #############################################################
<14>Jan 27 12:06:11 ec2: -----BEGIN SSH HOST KEY FINGERPRINTS-----
<14>Jan 27 12:06:11 ec2: 1024 SHA256:88fBLCc5I8ekccDNSzLnMj+gbKd9iO8MpcnvdPZM+/U root@ubuntu-bionic (DSA)
<14>Jan 27 12:06:11 ec2: 256 SHA256:lm8V41Qqh3XA5pDrR001lvbBP5lCZQuyQNHoOc2MWnQ root@ubuntu-bionic (ECDSA)
<14>Jan 27 12:06:11 ec2: 256 SHA256:xgZlO8vpyNlj7rQAjxy5SqP5tn9QSUhcXDbSnmwt+vQ root@ubuntu-bionic (ED25519)
<14>Jan 27 12:06:11 ec2: 2048 SHA256:FTKMXmzmEKFpVGW0ZHvF1cdEXdOoNIFLxfIDbbHqPg8 root@ubuntu-bionic (RSA)
<14>Jan 27 12:06:11 ec2: -----END SSH HOST KEY FINGERPRINTS-----
<14>Jan 27 12:06:11 ec2: #############################################################
-----BEGIN SSH HOST KEY KEYS-----
ecdsa-sha2-nistp256 AAAAE2VjZHNhLXNoYTItbmlzdHAyNTYAAAAIbmlzdHAyNTYAAABBBLzQs7zVPajl1hhtR9OwSHy7nqxn81M0c8xxPUMcYfrDKBLZS3NE0CPVvNU3TXSwxzD7azcg7ZrGeaEiiNd5aHY= root@ubuntu-bionic
ssh-ed25519 AAAAC3NzaC1lZDI1NTE5AAAAIAwqSvNW7LGdog07r7296fntclj1zoQRzLi3w0RL2Ntt root@ubuntu-bionic
ssh-rsa AAAAB3NzaC1yc2EAAAADAQABAAABAQCqT7O4Mud2ZRZw1+NvyLjVYkHdmNw36UCKlsKH8WlwgnlxND47m8/a2O/Gwl8RyCuxerNa0HZwE3DCpKF5WSnJWyViZl04B3H2uevF9N+stn1DQ8vbK+ye8G6V6nuZ6dZE7ySQSfX/F7Olj4gYUJMaLhmR+DyBLnR0RZHgkhCPr7bCwgP/gtLajdZh2SiqKKK5GTCk5xCyeTOzF5D8UMOAjHDuqw7yX727Kwo0cl7KervLwzN3kCeyZZCziIRgfrDBht4xQGXg9gJzF2beC+bviyyEUqohBmvAmg+SNUCTVYe6yHee1ZuYVq4vl23aZKl68q+JUQm4bqVMDThyLIHn root@ubuntu-bionic
-----END SSH HOST KEY KEYS-----
[   13.256375] cloud-init[1332]: Cloud-init v. 19.3-41-gc4735dd3-0ubuntu1~18.04.1 running 'modules:final' at Mon, 27 Jan 2020 12:06:10 +0000. Up 13.08 seconds.
[   13.268659] cloud-init[1332]: ci-info: no authorized ssh keys fingerprints found for user ubuntu.
[   13.280450] cloud-init[1332]: Cloud-init v. 19.3-41-gc4735dd3-0ubuntu1~18.04.1 finished at Mon, 27 Jan 2020 12:06:11 +0000. Datasource DataSourceNoCloud [seed=/dev/sdb][dsmode=net].  Up 13.25 seconds
[[0;32m  OK  [0m] Started Execute cloud user/final scripts.
[[0;32m  OK  [0m] Reached target Cloud-init target.

Ubuntu 18.04.3 LTS ubuntu-bionic ttyS0

ubuntu-bionic login: 